<?xml version="1.0" encoding="UTF-8"?>
<testng-results ignored="0" total="1" passed="1" failed="0" skipped="0">
  <reporter-output>
  </reporter-output>
  <suite started-at="2022-11-30T12:46:56 EST" name="Default suite" finished-at="2022-11-30T12:47:19 EST" duration-ms="22755">
    <groups>
    </groups>
    <test started-at="2022-11-30T12:46:56 EST" name="Default test" finished-at="2022-11-30T12:47:19 EST" duration-ms="22755">
      <class name="TestNGImplimentation.CreateNewContact">
        <test-method is-config="true" signature="testSetup()[pri:0, instance:TestNGImplimentation.CreateNewContact@1fa268de]" started-at="2022-11-30T12:46:56 EST" name="testSetup" finished-at="2022-11-30T12:46:57 EST" duration-ms="1059" status="PASS">
          <reporter-output>
          </reporter-output>
        </test-method> <!-- testSetup -->
        <test-method is-config="true" signature="classSetup()[pri:0, instance:TestNGImplimentation.CreateNewContact@1fa268de]" started-at="2022-11-30T12:46:57 EST" name="classSetup" finished-at="2022-11-30T12:47:01 EST" duration-ms="3548" status="PASS">
          <reporter-output>
          </reporter-output>
        </test-method> <!-- classSetup -->
        <test-method is-config="true" signature="methodSetup()[pri:0, instance:TestNGImplimentation.CreateNewContact@1fa268de]" started-at="2022-11-30T12:47:01 EST" name="methodSetup" finished-at="2022-11-30T12:47:03 EST" duration-ms="2716" status="PASS">
          <reporter-output>
          </reporter-output>
        </test-method> <!-- methodSetup -->
        <test-method signature="CreatenewContact()[pri:0, instance:TestNGImplimentation.CreateNewContact@1fa268de]" started-at="2022-11-30T12:47:03 EST" name="CreatenewContact" finished-at="2022-11-30T12:47:19 EST" duration-ms="15365" status="PASS">
          <reporter-output>
          </reporter-output>
        </test-method> <!-- CreatenewContact -->
        <test-method is-config="true" signature="methodTearDown()[pri:0, instance:TestNGImplimentation.CreateNewContact@1fa268de]" started-at="2022-11-30T12:47:19 EST" name="methodTearDown" finished-at="2022-11-30T12:47:19 EST" duration-ms="7" status="FAIL">
          <exception class="org.openqa.selenium.NoSuchSessionException">
            <message>
              <![CDATA[Session ID is null. Using WebDriver after calling quit()?
Build info: version: '4.4.0', revision: 'e5c75ed026a'
System info: host: 'DESKTOP-0M88CL7', ip: '192.168.68.100', os.name: 'Windows 10', os.arch: 'amd64', os.version: '10.0', java.version: '18'
Driver info: org.openqa.selenium.chrome.ChromeDriver
Command: [null, actions {actions=[org.openqa.selenium.interactions.Sequence@5d318e91]}]
Capabilities {acceptInsecureCerts: false, browserName: chrome, browserVersion: 107.0.5304.107, chrome: {chromedriverVersion: 107.0.5304.62 (1eec40d3a576..., userDataDir: C:\Users\anku\AppData\Local...}, goog:chromeOptions: {debuggerAddress: localhost:50086}, networkConnectionEnabled: false, pageLoadStrategy: normal, platformName: WINDOWS, proxy: Proxy(), se:cdp: ws://localhost:50086/devtoo..., se:cdpVersion: 107.0.5304.107, setWindowRect: true, strictFileInteractability: false, timeouts: {implicit: 0, pageLoad: 300000, script: 30000}, unhandledPromptBehavior: dismiss and notify, webauthn:extension:credBlob: true, webauthn:extension:largeBlob: true, webauthn:virtualAuthenticators: true}]]>
            </message>
            <full-stacktrace>
              <![CDATA[org.openqa.selenium.NoSuchSessionException: Session ID is null. Using WebDriver after calling quit()?
Build info: version: '4.4.0', revision: 'e5c75ed026a'
System info: host: 'DESKTOP-0M88CL7', ip: '192.168.68.100', os.name: 'Windows 10', os.arch: 'amd64', os.version: '10.0', java.version: '18'
Driver info: org.openqa.selenium.chrome.ChromeDriver
Command: [null, actions {actions=[org.openqa.selenium.interactions.Sequence@5d318e91]}]
Capabilities {acceptInsecureCerts: false, browserName: chrome, browserVersion: 107.0.5304.107, chrome: {chromedriverVersion: 107.0.5304.62 (1eec40d3a576..., userDataDir: C:\Users\anku\AppData\Local...}, goog:chromeOptions: {debuggerAddress: localhost:50086}, networkConnectionEnabled: false, pageLoadStrategy: normal, platformName: WINDOWS, proxy: Proxy(), se:cdp: ws://localhost:50086/devtoo..., se:cdpVersion: 107.0.5304.107, setWindowRect: true, strictFileInteractability: false, timeouts: {implicit: 0, pageLoad: 300000, script: 30000}, unhandledPromptBehavior: dismiss and notify, webauthn:extension:credBlob: true, webauthn:extension:largeBlob: true, webauthn:virtualAuthenticators: true}
at org.openqa.selenium.remote.HttpCommandExecutor.execute(HttpCommandExecutor.java:145)
at org.openqa.selenium.remote.service.DriverCommandExecutor.invokeExecute(DriverCommandExecutor.java:167)
at org.openqa.selenium.remote.service.DriverCommandExecutor.execute(DriverCommandExecutor.java:142)
at org.openqa.selenium.remote.RemoteWebDriver.execute(RemoteWebDriver.java:547)
at org.openqa.selenium.remote.RemoteWebDriver.perform(RemoteWebDriver.java:615)
at org.openqa.selenium.interactions.Actions$BuiltAction.perform(Actions.java:567)
at org.openqa.selenium.interactions.Actions.perform(Actions.java:536)
at genericLibraries.WebDriverUtility.mouseHoverToElement(WebDriverUtility.java:45)
at pomPages.homePage.signOutTheApplication(homePage.java:47)
at genericLibraries.BaseClass.methodTearDown(BaseClass.java:98)
at java.base/jdk.internal.reflect.DirectMethodHandleAccessor.invoke(DirectMethodHandleAccessor.java:104)
at java.base/java.lang.reflect.Method.invoke(Method.java:577)
at org.testng.internal.MethodInvocationHelper.invokeMethod(MethodInvocationHelper.java:133)
at org.testng.internal.MethodInvocationHelper.invokeMethodConsideringTimeout(MethodInvocationHelper.java:62)
at org.testng.internal.ConfigInvoker.invokeConfigurationMethod(ConfigInvoker.java:385)
at org.testng.internal.ConfigInvoker.invokeConfigurations(ConfigInvoker.java:321)
at org.testng.internal.TestInvoker.runConfigMethods(TestInvoker.java:700)
at org.testng.internal.TestInvoker.runAfterGroupsConfigurations(TestInvoker.java:676)
at org.testng.internal.TestInvoker.invokeMethod(TestInvoker.java:660)
at org.testng.internal.TestInvoker.invokeTestMethod(TestInvoker.java:173)
at org.testng.internal.MethodRunner.runInSequence(MethodRunner.java:46)
at org.testng.internal.TestInvoker$MethodInvocationAgent.invoke(TestInvoker.java:824)
at org.testng.internal.TestInvoker.invokeTestMethods(TestInvoker.java:146)
at org.testng.internal.TestMethodWorker.invokeTestMethods(TestMethodWorker.java:146)
at org.testng.internal.TestMethodWorker.run(TestMethodWorker.java:128)
at java.base/java.util.ArrayList.forEach(ArrayList.java:1511)
at org.testng.TestRunner.privateRun(TestRunner.java:794)
at org.testng.TestRunner.run(TestRunner.java:596)
at org.testng.SuiteRunner.runTest(SuiteRunner.java:377)
at org.testng.SuiteRunner.runSequentially(SuiteRunner.java:371)
at org.testng.SuiteRunner.privateRun(SuiteRunner.java:332)
at org.testng.SuiteRunner.run(SuiteRunner.java:276)
at org.testng.SuiteRunnerWorker.runSuite(SuiteRunnerWorker.java:53)
at org.testng.SuiteRunnerWorker.run(SuiteRunnerWorker.java:96)
at org.testng.TestNG.runSuitesSequentially(TestNG.java:1212)
at org.testng.TestNG.runSuitesLocally(TestNG.java:1134)
at org.testng.TestNG.runSuites(TestNG.java:1063)
at org.testng.TestNG.run(TestNG.java:1031)
at org.testng.remote.AbstractRemoteTestNG.run(AbstractRemoteTestNG.java:115)
at org.testng.remote.RemoteTestNG.initAndRun(RemoteTestNG.java:251)
at org.testng.remote.RemoteTestNG.main(RemoteTestNG.java:77)
]]>
            </full-stacktrace>
          </exception> <!-- org.openqa.selenium.NoSuchSessionException -->
          <reporter-output>
          </reporter-output>
        </test-method> <!-- methodTearDown -->
        <test-method is-config="true" signature="classTearDown()[pri:0, instance:TestNGImplimentation.CreateNewContact@1fa268de]" started-at="2022-11-30T12:47:19 EST" name="classTearDown" finished-at="1969-12-31T19:00:00 EST" duration-ms="-1669830439353" status="SKIP">
          <reporter-output>
          </reporter-output>
        </test-method> <!-- classTearDown -->
        <test-method is-config="true" signature="testTearDown()[pri:0, instance:TestNGImplimentation.CreateNewContact@1fa268de]" started-at="2022-11-30T12:47:19 EST" name="testTearDown" finished-at="2022-11-30T12:47:19 EST" duration-ms="0" status="PASS">
          <reporter-output>
          </reporter-output>
        </test-method> <!-- testTearDown -->
      </class> <!-- TestNGImplimentation.CreateNewContact -->
    </test> <!-- Default test -->
  </suite> <!-- Default suite -->
</testng-results>
